[debug] [2023-05-13T20:46:18.422Z] ----------------------------------------------------------------------
[debug] [2023-05-13T20:46:18.424Z] Command:       C:\Program Files\nodejs\node.exe C:\Users\Perfect\AppData\Roaming\npm\node_modules\firebase-tools\lib\bin\firebase.js init
[debug] [2023-05-13T20:46:18.424Z] CLI Version:   11.15.0
[debug] [2023-05-13T20:46:18.424Z] Platform:      win32
[debug] [2023-05-13T20:46:18.424Z] Node Version:  v16.15.1
[debug] [2023-05-13T20:46:18.425Z] Time:          Sun May 14 2023 02:46:18 GMT+0600 (Bangladesh Standard Time)
[debug] [2023-05-13T20:46:18.425Z] ----------------------------------------------------------------------
[debug] 
[debug] [2023-05-13T20:46:18.429Z] >>> [apiv2][query] GET https://firebase-public.firebaseio.com/cli.json [none]
[debug] [2023-05-13T20:46:18.444Z] > command requires scopes: ["email","openid","https://www.googleapis.com/auth/cloudplatformprojects.readonly","https://www.googleapis.com/auth/firebase","https://www.googleapis.com/auth/cloud-platform"]
[debug] [2023-05-13T20:46:18.444Z] > authorizing via signed-in user (parthasuman123@gmail.com)
[info] 
     ######## #### ########  ######## ########     ###     ######  ########
     ##        ##  ##     ## ##       ##     ##  ##   ##  ##       ##
     ######    ##  ########  ######   ########  #########  ######  ######
     ##        ##  ##    ##  ##       ##     ## ##     ##       ## ##
     ##       #### ##     ## ######## ########  ##     ##  ######  ########

You're about to initialize a Firebase project in this directory:

  G:\My react work\React Practice\coffee-shop-client

[debug] [2023-05-13T20:46:19.141Z] <<< [apiv2][status] GET https://firebase-public.firebaseio.com/cli.json 200
[debug] [2023-05-13T20:46:19.142Z] <<< [apiv2][body] GET https://firebase-public.firebaseio.com/cli.json {"cloudBuildErrorAfter":1594252800000,"cloudBuildWarnAfter":1590019200000,"defaultNode10After":1594252800000,"minVersion":"3.0.5","node8DeploysDisabledAfter":1613390400000,"node8RuntimeDisabledAfter":1615809600000,"node8WarnAfter":1600128000000}
